2025.05.06 06:18:39 INFO  Started: Metals version 1.5.2 in folders '/Users/tripletail/workspace/scalafx.animation' for client Visual Studio Code - Insiders 1.100.0-insider.[0m
2025.05.06 06:18:39 INFO  no build target found for /Users/tripletail/workspace/scalafx.animation/build.sbt. Using presentation compiler with project's scala-library version: 3.3.5[0m
2025.05.06 06:18:40 INFO  no build target found for /Users/tripletail/workspace/scalafx.animation/build.sbt. Using presentation compiler with project's scala-library version: 3.3.5[0m
2025.05.06 06:18:40 INFO  no build target found for /Users/tripletail/workspace/scalafx.animation/build.sbt. Using presentation compiler with project's scala-library version: 3.3.5[0m
2025.05.06 06:18:40 INFO  no build target found for /Users/tripletail/workspace/scalafx.animation/build.sbt. Using presentation compiler with project's scala-library version: 3.3.5[0m
May 06, 2025 6:18:40 AM org.eclipse.lsp4j.jsonrpc.RemoteEndpoint handleCancellation
WARNING: Unmatched cancel notification for request id 1
2025.05.06 06:18:40 INFO  no build target found for /Users/tripletail/workspace/scalafx.animation/build.sbt. Using presentation compiler with project's scala-library version: 3.3.5[0m
2025.05.06 06:18:40 INFO  no build target found for /Users/tripletail/workspace/scalafx.animation/build.sbt. Using presentation compiler with project's scala-library version: 3.3.5[0m
2025.05.06 06:18:40 INFO  no build target found for /Users/tripletail/workspace/scalafx.animation/build.sbt. Using presentation compiler with project's scala-library version: 3.3.5[0m
2025.05.06 06:18:40 WARN  no build target for: /Users/tripletail/workspace/scalafx.animation/build.sbt[0m
2025.05.06 06:18:40 INFO  no build target found for /Users/tripletail/workspace/scalafx.animation/build.sbt. Using presentation compiler with project's scala-library version: 3.3.5[0m
2025.05.06 06:18:40 INFO  no build target found for /Users/tripletail/workspace/scalafx.animation/build.sbt. Using presentation compiler with project's scala-library version: 3.3.5[0m
2025.05.06 06:18:40 INFO  no build target found for /Users/tripletail/workspace/scalafx.animation/build.sbt. Using presentation compiler with project's scala-library version: 3.3.5[0m
2025.05.06 06:18:40 INFO  no build target found for /Users/tripletail/workspace/scalafx.animation/build.sbt. Using presentation compiler with project's scala-library version: 3.3.5[0m
2025.05.06 06:18:40 INFO  no build target found for /Users/tripletail/workspace/scalafx.animation/build.sbt. Using presentation compiler with project's scala-library version: 3.3.5[0m
2025.05.06 06:18:41 INFO  no build target found for /Users/tripletail/workspace/scalafx.animation/build.sbt. Using presentation compiler with project's scala-library version: 3.3.5[0m
2025.05.06 06:18:42 INFO  no build target found for /Users/tripletail/workspace/scalafx.animation/build.sbt. Using presentation compiler with project's scala-library version: 3.3.5[0m
2025.05.06 06:18:41 INFO  no build target found for /Users/tripletail/workspace/scalafx.animation/build.sbt. Using presentation compiler with project's scala-library version: 3.3.5[0m
2025.05.06 06:18:41 INFO  no build target found for /Users/tripletail/workspace/scalafx.animation/build.sbt. Using presentation compiler with project's scala-library version: 3.3.5[0m
2025.05.06 06:18:43 INFO  no build target found for /Users/tripletail/workspace/scalafx.animation/build.sbt. Using presentation compiler with project's scala-library version: 3.3.5[0m
2025.05.06 06:18:43 INFO  no build target found for /Users/tripletail/workspace/scalafx.animation/build.sbt. Using presentation compiler with project's scala-library version: 3.3.5[0m
2025.05.06 06:18:43 WARN  no build target for: /Users/tripletail/workspace/scalafx.animation/build.sbt[0m
2025.05.06 06:18:43 INFO  no build target found for /Users/tripletail/workspace/scalafx.animation/build.sbt. Using presentation compiler with project's scala-library version: 3.3.5[0m
2025.05.06 06:18:43 INFO  no build target found for /Users/tripletail/workspace/scalafx.animation/build.sbt. Using presentation compiler with project's scala-library version: 3.3.5[0m
2025.05.06 06:18:53 INFO  no build target found for /Users/tripletail/workspace/scalafx.animation/build.sbt. Using presentation compiler with project's scala-library version: 3.3.5[0m
2025.05.06 06:18:53 INFO  no build target found for /Users/tripletail/workspace/scalafx.animation/build.sbt. Using presentation compiler with project's scala-library version: 3.3.5[0m
2025.05.06 06:18:53 INFO  no build target found for /Users/tripletail/workspace/scalafx.animation/build.sbt. Using presentation compiler with project's scala-library version: 3.3.5[0m
2025.05.06 06:18:53 INFO  no build target found for /Users/tripletail/workspace/scalafx.animation/build.sbt. Using presentation compiler with project's scala-library version: 3.3.5[0m
2025.05.06 06:18:53 INFO  no build target found for /Users/tripletail/workspace/scalafx.animation/build.sbt. Using presentation compiler with project's scala-library version: 3.3.5[0m
2025.05.06 06:18:54 INFO  no build target found for /Users/tripletail/workspace/scalafx.animation/build.sbt. Using presentation compiler with project's scala-library version: 3.3.5[0m
2025.05.06 06:18:54 INFO  no build target found for /Users/tripletail/workspace/scalafx.animation/build.sbt. Using presentation compiler with project's scala-library version: 3.3.5[0m
2025.05.06 06:18:55 INFO  no build target found for /Users/tripletail/workspace/scalafx.animation/build.sbt. Using presentation compiler with project's scala-library version: 3.3.5[0m
2025.05.06 06:18:55 INFO  no build target found for /Users/tripletail/workspace/scalafx.animation/build.sbt. Using presentation compiler with project's scala-library version: 3.3.5[0m
2025.05.06 06:18:55 INFO  no build target found for /Users/tripletail/workspace/scalafx.animation/build.sbt. Using presentation compiler with project's scala-library version: 3.3.5[0m
2025.05.06 06:18:56 INFO  no build target found for /Users/tripletail/workspace/scalafx.animation/build.sbt. Using presentation compiler with project's scala-library version: 3.3.5[0m
2025.05.06 06:18:55 INFO  no build target found for /Users/tripletail/workspace/scalafx.animation/build.sbt. Using presentation compiler with project's scala-library version: 3.3.5[0m
2025.05.06 06:18:55 INFO  no build target found for /Users/tripletail/workspace/scalafx.animation/build.sbt. Using presentation compiler with project's scala-library version: 3.3.5[0m
2025.05.06 06:18:55 INFO  no build target found for /Users/tripletail/workspace/scalafx.animation/build.sbt. Using presentation compiler with project's scala-library version: 3.3.5[0m
2025.05.06 06:18:56 INFO  no build target found for /Users/tripletail/workspace/scalafx.animation/build.sbt. Using presentation compiler with project's scala-library version: 3.3.5[0m
2025.05.06 06:18:55 INFO  no build target found for /Users/tripletail/workspace/scalafx.animation/build.sbt. Using presentation compiler with project's scala-library version: 3.3.5[0m
2025.05.06 06:18:55 INFO  no build target found for /Users/tripletail/workspace/scalafx.animation/build.sbt. Using presentation compiler with project's scala-library version: 3.3.5[0m
2025.05.06 06:18:57 INFO  no build target found for /Users/tripletail/workspace/scalafx.animation/build.sbt. Using presentation compiler with project's scala-library version: 3.3.5[0m
2025.05.06 06:18:57 INFO  no build target found for /Users/tripletail/workspace/scalafx.animation/build.sbt. Using presentation compiler with project's scala-library version: 3.3.5[0m
2025.05.06 06:18:57 INFO  no build target found for /Users/tripletail/workspace/scalafx.animation/build.sbt. Using presentation compiler with project's scala-library version: 3.3.5[0m
2025.05.06 06:18:57 INFO  no build target found for /Users/tripletail/workspace/scalafx.animation/build.sbt. Using presentation compiler with project's scala-library version: 3.3.5[0m
2025.05.06 06:18:57 WARN  no build target for: /Users/tripletail/workspace/scalafx.animation/build.sbt[0m
2025.05.06 06:18:58 INFO  no build target found for /Users/tripletail/workspace/scalafx.animation/build.sbt. Using presentation compiler with project's scala-library version: 3.3.5[0m
2025.05.06 06:18:58 INFO  no build target found for /Users/tripletail/workspace/scalafx.animation/build.sbt. Using presentation compiler with project's scala-library version: 3.3.5[0m
2025.05.06 06:18:58 INFO  no build target found for /Users/tripletail/workspace/scalafx.animation/build.sbt. Using presentation compiler with project's scala-library version: 3.3.5[0m
2025.05.06 06:18:59 INFO  no build target found for /Users/tripletail/workspace/scalafx.animation/build.sbt. Using presentation compiler with project's scala-library version: 3.3.5[0m
2025.05.06 06:19:04 INFO  no build target found for /Users/tripletail/workspace/scalafx.animation/build.sbt. Using presentation compiler with project's scala-library version: 3.3.5[0m
2025.05.06 06:19:04 INFO  no build target found for /Users/tripletail/workspace/scalafx.animation/build.sbt. Using presentation compiler with project's scala-library version: 3.3.5[0m
2025.05.06 06:19:05 INFO  no build target found for /Users/tripletail/workspace/scalafx.animation/build.sbt. Using presentation compiler with project's scala-library version: 3.3.5[0m
2025.05.06 06:19:05 INFO  no build target found for /Users/tripletail/workspace/scalafx.animation/build.sbt. Using presentation compiler with project's scala-library version: 3.3.5[0m
2025.05.06 06:19:06 WARN  no build target for: /Users/tripletail/workspace/scalafx.animation/build.sbt[0m
2025.05.06 06:19:06 INFO  no build target found for /Users/tripletail/workspace/scalafx.animation/build.sbt. Using presentation compiler with project's scala-library version: 3.3.5[0m
2025.05.06 06:19:06 INFO  no build target found for /Users/tripletail/workspace/scalafx.animation/build.sbt. Using presentation compiler with project's scala-library version: 3.3.5[0m
2025.05.06 06:19:05 INFO  no build target found for /Users/tripletail/workspace/scalafx.animation/build.sbt. Using presentation compiler with project's scala-library version: 3.3.5[0m
2025.05.06 06:19:06 INFO  no build target found for /Users/tripletail/workspace/scalafx.animation/build.sbt. Using presentation compiler with project's scala-library version: 3.3.5[0m
2025.05.06 06:19:07 INFO  no build target found for /Users/tripletail/workspace/scalafx.animation/build.sbt. Using presentation compiler with project's scala-library version: 3.3.5[0m
2025.05.06 06:19:07 INFO  no build target found for /Users/tripletail/workspace/scalafx.animation/build.sbt. Using presentation compiler with project's scala-library version: 3.3.5[0m
2025.05.06 06:19:07 INFO  no build target found for /Users/tripletail/workspace/scalafx.animation/build.sbt. Using presentation compiler with project's scala-library version: 3.3.5[0m
2025.05.06 06:19:08 INFO  no build target found for /Users/tripletail/workspace/scalafx.animation/build.sbt. Using presentation compiler with project's scala-library version: 3.3.5[0m
2025.05.06 06:19:08 INFO  no build target found for /Users/tripletail/workspace/scalafx.animation/build.sbt. Using presentation compiler with project's scala-library version: 3.3.5[0m
2025.05.06 06:19:08 INFO  no build target found for /Users/tripletail/workspace/scalafx.animation/build.sbt. Using presentation compiler with project's scala-library version: 3.3.5[0m
2025.05.06 06:19:10 INFO  no build target found for /Users/tripletail/workspace/scalafx.animation/build.sbt. Using presentation compiler with project's scala-library version: 3.3.5[0m
2025.05.06 06:19:10 INFO  no build target found for /Users/tripletail/workspace/scalafx.animation/build.sbt. Using presentation compiler with project's scala-library version: 3.3.5[0m
2025.05.06 06:19:10 INFO  no build target found for /Users/tripletail/workspace/scalafx.animation/build.sbt. Using presentation compiler with project's scala-library version: 3.3.5[0m
2025.05.06 06:19:10 INFO  no build target found for /Users/tripletail/workspace/scalafx.animation/build.sbt. Using presentation compiler with project's scala-library version: 3.3.5[0m
2025.05.06 06:19:11 INFO  no build target found for /Users/tripletail/workspace/scalafx.animation/build.sbt. Using presentation compiler with project's scala-library version: 3.3.5[0m
2025.05.06 06:19:11 WARN  no build target for: /Users/tripletail/workspace/scalafx.animation/build.sbt[0m
2025.05.06 06:19:11 INFO  no build target found for /Users/tripletail/workspace/scalafx.animation/build.sbt. Using presentation compiler with project's scala-library version: 3.3.5[0m
2025.05.06 06:19:12 INFO  no build target found for /Users/tripletail/workspace/scalafx.animation/build.sbt. Using presentation compiler with project's scala-library version: 3.3.5[0m
2025.05.06 06:19:25 INFO  no build target found for /Users/tripletail/workspace/scalafx.animation/build.sbt. Using presentation compiler with project's scala-library version: 3.3.5[0m
2025.05.06 06:19:25 WARN  no build target for: /Users/tripletail/workspace/scalafx.animation/build.sbt[0m
2025.05.06 06:19:25 INFO  no build target found for /Users/tripletail/workspace/scalafx.animation/build.sbt. Using presentation compiler with project's scala-library version: 3.3.5[0m
2025.05.06 06:19:25 INFO  no build target found for /Users/tripletail/workspace/scalafx.animation/build.sbt. Using presentation compiler with project's scala-library version: 3.3.5[0m
2025.05.06 06:19:27 INFO  no build target found for /Users/tripletail/workspace/scalafx.animation/build.sbt. Using presentation compiler with project's scala-library version: 3.3.5[0m
2025.05.06 06:19:33 INFO  no build target found for /Users/tripletail/workspace/scalafx.animation/build.sbt. Using presentation compiler with project's scala-library version: 3.3.5[0m
2025.05.06 06:19:33 INFO  no build target found for /Users/tripletail/workspace/scalafx.animation/build.sbt. Using presentation compiler with project's scala-library version: 3.3.5[0m
2025.05.06 06:19:33 INFO  no build target found for /Users/tripletail/workspace/scalafx.animation/build.sbt. Using presentation compiler with project's scala-library version: 3.3.5[0m
2025.05.06 06:19:33 INFO  no build target found for /Users/tripletail/workspace/scalafx.animation/build.sbt. Using presentation compiler with project's scala-library version: 3.3.5[0m
2025.05.06 06:19:34 INFO  no build target found for /Users/tripletail/workspace/scalafx.animation/build.sbt. Using presentation compiler with project's scala-library version: 3.3.5[0m
2025.05.06 06:19:34 INFO  no build target found for /Users/tripletail/workspace/scalafx.animation/build.sbt. Using presentation compiler with project's scala-library version: 3.3.5[0m
2025.05.06 06:19:35 INFO  no build target found for /Users/tripletail/workspace/scalafx.animation/build.sbt. Using presentation compiler with project's scala-library version: 3.3.5[0m
2025.05.06 06:19:34 INFO  no build target found for /Users/tripletail/workspace/scalafx.animation/build.sbt. Using presentation compiler with project's scala-library version: 3.3.5[0m
2025.05.06 06:19:34 INFO  no build target found for /Users/tripletail/workspace/scalafx.animation/build.sbt. Using presentation compiler with project's scala-library version: 3.3.5[0m
2025.05.06 06:19:35 INFO  no build target found for /Users/tripletail/workspace/scalafx.animation/build.sbt. Using presentation compiler with project's scala-library version: 3.3.5[0m
2025.05.06 06:19:34 INFO  no build target found for /Users/tripletail/workspace/scalafx.animation/build.sbt. Using presentation compiler with project's scala-library version: 3.3.5[0m
2025.05.06 06:19:34 INFO  no build target found for /Users/tripletail/workspace/scalafx.animation/build.sbt. Using presentation compiler with project's scala-library version: 3.3.5[0m
2025.05.06 06:19:35 INFO  no build target found for /Users/tripletail/workspace/scalafx.animation/build.sbt. Using presentation compiler with project's scala-library version: 3.3.5[0m
2025.05.06 06:19:35 INFO  no build target found for /Users/tripletail/workspace/scalafx.animation/build.sbt. Using presentation compiler with project's scala-library version: 3.3.5[0m
2025.05.06 06:19:35 INFO  no build target found for /Users/tripletail/workspace/scalafx.animation/build.sbt. Using presentation compiler with project's scala-library version: 3.3.5[0m
2025.05.06 06:19:35 INFO  no build target found for /Users/tripletail/workspace/scalafx.animation/build.sbt. Using presentation compiler with project's scala-library version: 3.3.5[0m
2025.05.06 06:19:36 INFO  no build target found for /Users/tripletail/workspace/scalafx.animation/build.sbt. Using presentation compiler with project's scala-library version: 3.3.5[0m
2025.05.06 06:19:35 INFO  no build target found for /Users/tripletail/workspace/scalafx.animation/build.sbt. Using presentation compiler with project's scala-library version: 3.3.5[0m
2025.05.06 06:19:37 WARN  no build target for: /Users/tripletail/workspace/scalafx.animation/build.sbt[0m
2025.05.06 06:19:37 INFO  no build target found for /Users/tripletail/workspace/scalafx.animation/build.sbt. Using presentation compiler with project's scala-library version: 3.3.5[0m
2025.05.06 06:19:37 INFO  no build target found for /Users/tripletail/workspace/scalafx.animation/build.sbt. Using presentation compiler with project's scala-library version: 3.3.5[0m
2025.05.06 06:19:36 WARN  no build target for: /Users/tripletail/workspace/scalafx.animation/build.sbt[0m
2025.05.06 06:19:37 INFO  no build target found for /Users/tripletail/workspace/scalafx.animation/build.sbt. Using presentation compiler with project's scala-library version: 3.3.5[0m
2025.05.06 06:19:37 INFO  no build target found for /Users/tripletail/workspace/scalafx.animation/build.sbt. Using presentation compiler with project's scala-library version: 3.3.5[0m
2025.05.06 06:19:37 INFO  no build target found for /Users/tripletail/workspace/scalafx.animation/build.sbt. Using presentation compiler with project's scala-library version: 3.3.5[0m
2025.05.06 06:19:42 INFO  no build target found for /Users/tripletail/workspace/scalafx.animation/build.sbt. Using presentation compiler with project's scala-library version: 3.3.5[0m
2025.05.06 06:19:52 INFO  Shutting down server[0m
2025.05.06 06:19:52 INFO  shutting down Metals[0m
2025.05.06 06:19:52 INFO  Exiting server[0m
2025.05.06 06:19:53 ERROR Unexpected error initializing server: 
org.eclipse.lsp4j.jsonrpc.ResponseErrorException: Request window/showMessageRequest failed with message: Canceled
	at org.eclipse.lsp4j.jsonrpc.RemoteEndpoint.handleResponse(RemoteEndpoint.java:220)
	at org.eclipse.lsp4j.jsonrpc.RemoteEndpoint.consume(RemoteEndpoint.java:204)
	at org.eclipse.lsp4j.jsonrpc.json.StreamMessageProducer.handleMessage(StreamMessageProducer.java:185)
	at org.eclipse.lsp4j.jsonrpc.json.StreamMessageProducer.listen(StreamMessageProducer.java:97)
	at org.eclipse.lsp4j.jsonrpc.json.ConcurrentMessageProcessor.run(ConcurrentMessageProcessor.java:114)
	at java.util.concurrent.Executors$RunnableAdapter.call(Executors.java:545)
	at java.util.concurrent.FutureTask.run(FutureTask.java:328)
	at java.util.concurrent.ThreadPoolExecutor.runWorker(ThreadPoolExecutor.java:1095)
	at java.util.concurrent.ThreadPoolExecutor$Worker.run(ThreadPoolExecutor.java:619)
	at java.lang.Thread.run(Thread.java:1447)
[0m
2025.05.06 06:20:03 INFO  Started: Metals version 1.5.2 in folders '/Users/tripletail/workspace/scalafx.animation' for client Visual Studio Code - Insiders 1.100.0-insider.
2025.05.06 06:20:03 INFO  no build target found for /Users/tripletail/workspace/scalafx.animation/build.sbt. Using presentation compiler with project's scala-library version: 3.3.5
2025.05.06 06:20:04 INFO  no build target found for /Users/tripletail/workspace/scalafx.animation/build.sbt. Using presentation compiler with project's scala-library version: 3.3.5
2025.05.06 06:20:46 INFO  no build target found for /Users/tripletail/workspace/scalafx.animation/build.sbt. Using presentation compiler with project's scala-library version: 3.3.5
